#
# A fatal error has been detected by the Java Runtime Environment:
#
#  Internal Error (javaClasses.cpp:126), pid=12556, tid=15376
#  fatal error: Invalid layout of preloaded class
#
# JRE version:  (8.0_25-b18) (build )
# Java VM: Java HotSpot(TM) 64-Bit Server VM (25.25-b02 mixed mode windows-amd64 compressed oops)
# Failed to write core dump. Minidumps are not enabled by default on client versions of Windows
#
# If you would like to submit a bug report, please visit:
#   http://bugreport.sun.com/bugreport/crash.jsp
#

---------------  T H R E A D  ---------------

Current thread (0x0000000002d71000):  JavaThread "Unknown thread" [_thread_in_vm, id=15376, stack(0x0000000002c60000,0x0000000002d60000)]

Stack: [0x0000000002c60000,0x0000000002d60000]
Native frames: (J=compiled Java code, j=interpreted, Vv=VM code, C=native code)
V  [jvm.dll+0x31667a]
V  [jvm.dll+0x267073]
V  [jvm.dll+0x267cb3]
V  [jvm.dll+0x25f536]
V  [jvm.dll+0x5e773]
V  [jvm.dll+0x5e863]
V  [jvm.dll+0x731ca]
V  [jvm.dll+0x73528]
V  [jvm.dll+0xe48b7]
V  [jvm.dll+0xe4c46]
V  [jvm.dll+0x1f9ae7]
V  [jvm.dll+0x22b2e4]
V  [jvm.dll+0x14d571]
C  [javaw.exe+0x20c6]
C  [javaw.exe+0xc9eb]
C  [javaw.exe+0xca7f]
C  [KERNEL32.DLL+0x13d2]
C  [ntdll.dll+0x703c4]


---------------  P R O C E S S  ---------------

Java Threads: ( => current thread )

Other Threads:

=>0x0000000002d71000 (exited) JavaThread "Unknown thread" [_thread_in_vm, id=15376, stack(0x0000000002c60000,0x0000000002d60000)]

VM state:not at safepoint (not fully initialized)

VM Mutex/Monitor currently owned by a thread: None

GC Heap History (0 events):
No events

Deoptimization events (0 events):
No events

Internal exceptions (0 events):
No events

Events (10 events):
Event: 0.030 loading class java/lang/CharSequence done
Event: 0.030 loading class java/lang/String done
Event: 0.030 loading class java/lang/Class
Event: 0.031 loading class java/lang/reflect/AnnotatedElement
Event: 0.031 loading class java/lang/reflect/AnnotatedElement done
Event: 0.031 loading class java/lang/reflect/GenericDeclaration
Event: 0.031 loading class java/lang/reflect/GenericDeclaration done
Event: 0.031 loading class java/lang/reflect/Type
Event: 0.031 loading class java/lang/reflect/Type done
Event: 0.031 loading class java/lang/Class done


Dynamic libraries:
0x00007ff6c37c0000 - 0x00007ff6c37f4000 	D:\Program Files\Java\jdk1.8.0_25\bin\javaw.exe
0x00007ffac30f0000 - 0x00007ffac329c000 	C:\Windows\SYSTEM32\ntdll.dll
0x00007ffac0c30000 - 0x00007ffac0d6e000 	C:\Windows\system32\KERNEL32.DLL
0x00007ffac03d0000 - 0x00007ffac04e5000 	C:\Windows\system32\KERNELBASE.dll
0x00007ffabedc0000 - 0x00007ffabee4e000 	C:\Windows\system32\apphelp.dll
0x00007ffab3fb0000 - 0x00007ffab4003000 	C:\Windows\AppPatch\AppPatch64\AcGenral.DLL
0x00007ffac1050000 - 0x00007ffac10fa000 	C:\Windows\system32\msvcrt.dll
0x00007ffac0050000 - 0x00007ffac007e000 	C:\Windows\SYSTEM32\SspiCli.dll
0x00007ffac0960000 - 0x00007ffac09b4000 	C:\Windows\system32\SHLWAPI.dll
0x00007ffac2790000 - 0x00007ffac2907000 	C:\Windows\system32\USER32.dll
0x00007ffac2a80000 - 0x00007ffac2c14000 	C:\Windows\system32\ole32.dll
0x00007ffac1270000 - 0x00007ffac2788000 	C:\Windows\system32\SHELL32.dll
0x00007ffabf780000 - 0x00007ffabf7a1000 	C:\Windows\SYSTEM32\USERENV.dll
0x00007ffac29d0000 - 0x00007ffac2a7a000 	C:\Windows\system32\ADVAPI32.dll
0x00007ffab6510000 - 0x00007ffab652e000 	C:\Windows\SYSTEM32\MPR.dll
0x00007ffac2ca0000 - 0x00007ffac2de1000 	C:\Windows\system32\RPCRT4.dll
0x00007ffac0d70000 - 0x00007ffac0dc9000 	C:\Windows\SYSTEM32\sechost.dll
0x00007ffac09c0000 - 0x00007ffac0bd1000 	C:\Windows\SYSTEM32\combase.dll
0x00007ffac1100000 - 0x00007ffac1250000 	C:\Windows\system32\GDI32.dll
0x00007ffac0250000 - 0x00007ffac0265000 	C:\Windows\SYSTEM32\profapi.dll
0x00007ffabece0000 - 0x00007ffabed92000 	C:\Windows\SYSTEM32\SHCORE.dll
0x00007ffac0bf0000 - 0x00007ffac0c26000 	C:\Windows\system32\IMM32.DLL
0x00007ffac07e0000 - 0x00007ffac0931000 	C:\Windows\system32\MSCTF.dll
0x00007ffac0210000 - 0x00007ffac023f000 	C:\Windows\system32\nvinitx.dll
0x00007ffabdf90000 - 0x00007ffabe20a000 	C:\Windows\WinSxS\amd64_microsoft.windows.common-controls_6595b64144ccf1df_6.0.9600.17810_none_6240b9c7ecbd0bda\COMCTL32.dll
0x0000000055090000 - 0x0000000055162000 	D:\Program Files\Java\jdk1.8.0_25\jre\bin\msvcr100.dll
0x00000000556f0000 - 0x0000000055f4a000 	D:\Program Files\Java\jdk1.8.0_25\jre\bin\server\jvm.dll
0x00007ffabea10000 - 0x00007ffabea19000 	C:\Windows\SYSTEM32\WSOCK32.dll
0x00007ffabe530000 - 0x00007ffabe552000 	C:\Windows\SYSTEM32\WINMM.dll
0x00007ffac0940000 - 0x00007ffac0947000 	C:\Windows\system32\PSAPI.DLL
0x00007ffac3090000 - 0x00007ffac30ea000 	C:\Windows\system32\WS2_32.dll
0x00007ffabe500000 - 0x00007ffabe52a000 	C:\Windows\SYSTEM32\WINMMBASE.dll
0x00007ffac0950000 - 0x00007ffac0959000 	C:\Windows\system32\NSI.dll
0x00007ffac06d0000 - 0x00007ffac071f000 	C:\Windows\SYSTEM32\cfgmgr32.dll
0x00007ffabf020000 - 0x00007ffabf048000 	C:\Windows\SYSTEM32\DEVOBJ.dll
0x0000000055600000 - 0x000000005560f000 	D:\Program Files\Java\jdk1.8.0_25\jre\bin\verify.dll
0x00000000552a0000 - 0x00000000552c8000 	D:\Program Files\Java\jdk1.8.0_25\jre\bin\java.dll
0x0000000055280000 - 0x0000000055296000 	D:\Program Files\Java\jdk1.8.0_25\jre\bin\zip.dll
0x00007ffaaab80000 - 0x00007ffaaad0a000 	C:\Windows\SYSTEM32\dbghelp.dll

VM Arguments:
jvm_args: -Dfile.encoding=GBK -Xbootclasspath:F:\eclipseEE\SDK_setup\platforms\android-19\android.jar 
java_command: com.lijinfeng.calculator_fengge.Test
java_class_path (initial): F:\eclipseworkplace(Android)\calculator_fengge\bin\classes;F:\eclipseworkplace(Android)\calculator_fengge\libs\android-support-v4.jar
Launcher Type: SUN_STANDARD

Environment Variables:
JAVA_HOME=D:\Program Files\Java\jdk1.8.0_25
JRE_HOME=D:\Program Files\Java\jre1.8.0_25
CLASSPATH=.;D:\Program Files\Java\jdk1.8.0_25/lib/dt.jar;D:\Program Files\Java\jdk1.8.0_25/lib/tools.jar
PATH=D:/Program Files/Java/jdk1.8.0_25/bin/../jre/bin/server;D:/Program Files/Java/jdk1.8.0_25/bin/../jre/bin;D:/Program Files/Java/jdk1.8.0_25/bin/../jre/lib/amd64;D:\Program Files\Java\jdk1.8.0_25\bin\;F:\Quick Access;C:\Program Files (x86)\NVIDIA Corporation\PhysX\Common;C:\Windows\system32;C:\Windows;C:\Windows\System32\Wbem;C:\Windows\System32\WindowsPowerShell\v1.0\;C:\Program Files (x86)\Windows Kits\8.1\Windows Performance Toolkit\;C:\Program Files\Microsoft SQL Server\110\Tools\Binn\;C:\Program Files (x86)\Microsoft SDKs\TypeScript\1.0\;C:\Program Files\Microsoft SQL Server\120\Tools\Binn\;D:\Program Files\nodejs\;D:\maven\apache-maven-3.3.9\bin;C:\Users\ljf-ÁºÑàË«ÆÜ\AppData\Roaming\npm;.;;F:\eclipseEE;;.;
USERNAME=ljf-ÁºÑàË«ÆÜ
OS=Windows_NT
PROCESSOR_IDENTIFIER=Intel64 Family 6 Model 58 Stepping 9, GenuineIntel



---------------  S Y S T E M  ---------------

OS: Windows 8.1 , 64 bit Build 9600 

CPU:total 4 (2 cores per cpu, 2 threads per core) family 6 model 58 stepping 9, cmov, cx8, fxsr, mmx, sse, sse2, sse3, ssse3, sse4.1, sse4.2, popcnt, avx, aes, clmul, erms, ht, tsc, tscinvbit, tscinv

Memory: 4k page, physical 4077152k(1580016k free), swap 5909872k(3035012k free)

vm_info: Java HotSpot(TM) 64-Bit Server VM (25.25-b02) for windows-amd64 JRE (1.8.0_25-b18), built on Oct  7 2014 14:25:37 by "java_re" with MS VC++ 10.0 (VS2010)

time: Sun Apr 10 15:26:07 2016
elapsed time: 0 seconds (0d 0h 0m 0s)

